Dictionary: 5 entries
INFO: Running with entropic power schedule (0xFF, 100).
INFO: Seed: 559369315
INFO: Loaded 1 modules   (90 inline 8-bit counters): 90 [0x55f949a44080, 0x55f949a440da), 
INFO: Loaded 1 PC tables (90 PCs): 90 [0x55f949a440e0,0x55f949a44680), 
INFO: -fork=1: fuzzing in separate process(s)
INFO: -fork=1: 6 seed inputs, starting to fuzz in /tmp/libFuzzerTemp.FuzzWithFork30805.dir
#305495: cov: 33 ft: 45 corp: 6 exec/s: 152747 oom/timeout/crash: 0/0/0 time: 2s job: 1 dft_time: 0
#833836: cov: 35 ft: 63 corp: 12 exec/s: 176113 oom/timeout/crash: 0/0/0 time: 5s job: 2 dft_time: 0
#1584241: cov: 35 ft: 63 corp: 12 exec/s: 187601 oom/timeout/crash: 0/0/0 time: 9s job: 3 dft_time: 0
#2822449: cov: 35 ft: 63 corp: 12 exec/s: 247641 oom/timeout/crash: 0/0/0 time: 15s job: 4 dft_time: 0
#4302632: cov: 35 ft: 63 corp: 12 exec/s: 246697 oom/timeout/crash: 0/0/0 time: 21s job: 5 dft_time: 0
#5744143: cov: 35 ft: 63 corp: 12 exec/s: 205930 oom/timeout/crash: 0/0/0 time: 28s job: 6 dft_time: 0
#7778123: cov: 37 ft: 65 corp: 13 exec/s: 254247 oom/timeout/crash: 0/0/0 time: 36s job: 7 dft_time: 0
#10138418: cov: 37 ft: 65 corp: 13 exec/s: 262255 oom/timeout/crash: 0/0/0 time: 46s job: 8 dft_time: 0
#12121266: cov: 37 ft: 65 corp: 13 exec/s: 198284 oom/timeout/crash: 0/0/0 time: 56s job: 9 dft_time: 0
#14955334: cov: 37 ft: 65 corp: 13 exec/s: 257642 oom/timeout/crash: 0/0/0 time: 67s job: 10 dft_time: 0
#17848547: cov: 37 ft: 65 corp: 13 exec/s: 241101 oom/timeout/crash: 0/0/0 time: 79s job: 11 dft_time: 0
#21108658: cov: 37 ft: 65 corp: 13 exec/s: 250777 oom/timeout/crash: 0/0/0 time: 93s job: 12 dft_time: 0
#24481312: cov: 37 ft: 65 corp: 13 exec/s: 240903 oom/timeout/crash: 0/0/0 time: 107s job: 13 dft_time: 0
#28172639: cov: 37 ft: 65 corp: 13 exec/s: 246088 oom/timeout/crash: 0/0/0 time: 122s job: 14 dft_time: 0
#32193778: cov: 37 ft: 65 corp: 13 exec/s: 251321 oom/timeout/crash: 0/0/0 time: 139s job: 15 dft_time: 0
#36351832: cov: 37 ft: 65 corp: 13 exec/s: 244591 oom/timeout/crash: 0/0/0 time: 156s job: 16 dft_time: 0
#41076362: cov: 37 ft: 65 corp: 13 exec/s: 262473 oom/timeout/crash: 0/0/0 time: 174s job: 17 dft_time: 0
#45834246: cov: 37 ft: 65 corp: 13 exec/s: 250414 oom/timeout/crash: 0/0/0 time: 193s job: 18 dft_time: 0
#51213812: cov: 37 ft: 65 corp: 13 exec/s: 268978 oom/timeout/crash: 0/0/0 time: 214s job: 19 dft_time: 0
#56735970: cov: 37 ft: 65 corp: 13 exec/s: 262959 oom/timeout/crash: 0/0/0 time: 235s job: 20 dft_time: 0
#62324132: cov: 37 ft: 65 corp: 13 exec/s: 254007 oom/timeout/crash: 0/0/0 time: 257s job: 21 dft_time: 0
#68145382: cov: 37 ft: 65 corp: 13 exec/s: 253097 oom/timeout/crash: 0/0/0 time: 280s job: 22 dft_time: 0
#74403621: cov: 37 ft: 65 corp: 13 exec/s: 260759 oom/timeout/crash: 0/0/0 time: 305s job: 23 dft_time: 0
#80685351: cov: 37 ft: 65 corp: 13 exec/s: 251269 oom/timeout/crash: 0/0/0 time: 330s job: 24 dft_time: 0
#86173558: cov: 37 ft: 65 corp: 13 exec/s: 211084 oom/timeout/crash: 0/0/0 time: 356s job: 25 dft_time: 0
#92887595: cov: 37 ft: 65 corp: 13 exec/s: 248668 oom/timeout/crash: 0/0/0 time: 383s job: 26 dft_time: 0
#98662056: cov: 37 ft: 65 corp: 13 exec/s: 206230 oom/timeout/crash: 0/0/0 time: 412s job: 27 dft_time: 0
#106185348: cov: 37 ft: 65 corp: 13 exec/s: 259423 oom/timeout/crash: 0/0/0 time: 441s job: 28 dft_time: 0
#113774985: cov: 37 ft: 65 corp: 13 exec/s: 252987 oom/timeout/crash: 0/0/0 time: 471s job: 29 dft_time: 0
#122171303: cov: 37 ft: 65 corp: 13 exec/s: 270848 oom/timeout/crash: 0/0/0 time: 502s job: 30 dft_time: 0
#130627194: cov: 37 ft: 65 corp: 13 exec/s: 264246 oom/timeout/crash: 0/0/0 time: 535s job: 31 dft_time: 0
#137525602: cov: 37 ft: 65 corp: 13 exec/s: 209042 oom/timeout/crash: 0/0/0 time: 568s job: 32 dft_time: 0
#146871176: cov: 37 ft: 65 corp: 13 exec/s: 274869 oom/timeout/crash: 0/0/0 time: 602s job: 33 dft_time: 0
#156611442: cov: 37 ft: 65 corp: 13 exec/s: 278293 oom/timeout/crash: 0/0/0 time: 638s job: 34 dft_time: 0
#164053262: cov: 37 ft: 65 corp: 13 exec/s: 206717 oom/timeout/crash: 0/0/0 time: 674s job: 35 dft_time: 0
#171539776: cov: 37 ft: 65 corp: 13 exec/s: 202338 oom/timeout/crash: 0/0/0 time: 711s job: 36 dft_time: 0
#179350518: cov: 37 ft: 65 corp: 13 exec/s: 205545 oom/timeout/crash: 0/0/0 time: 749s job: 37 dft_time: 0
#189330364: cov: 37 ft: 65 corp: 13 exec/s: 255893 oom/timeout/crash: 0/0/0 time: 789s job: 38 dft_time: 0
#199625295: cov: 37 ft: 65 corp: 13 exec/s: 257373 oom/timeout/crash: 0/0/0 time: 829s job: 39 dft_time: 0
#209372006: cov: 37 ft: 65 corp: 13 exec/s: 237724 oom/timeout/crash: 0/0/0 time: 870s job: 40 dft_time: 0
#218633095: cov: 37 ft: 65 corp: 13 exec/s: 220502 oom/timeout/crash: 0/0/0 time: 912s job: 41 dft_time: 0
INFO: fuzzed for 912 seconds, wrapping up soon
INFO: exiting: 0 time: 912s
